2025-09-14 10:07:36,491 - INFO - Starting the product matching process...
2025-09-14 10:07:36,607 - INFO - Loaded 177 items from master.xlsx and 1360 products from categoria_GROK.xlsx
2025-09-14 10:07:36,608 - INFO - No existing output file found. Processing all items as new.
2025-09-14 10:07:36,610 - INFO - Identified 177 new items to process.
2025-09-14 13:09:42,974 - INFO - Successfully updated output file with 177 new processed items at C:\Users\pietr\OneDrive\.vscode\arte_\DOWNLOADS\ORCAMENTOS\master_heavy.xlsx
2025-09-15 14:41:22,251 - INFO - Starting the product matching process...
2025-09-15 14:45:15,553 - INFO - Starting the product matching process...
2025-09-15 14:45:15,648 - ERROR - Could not load data files. Details: [Errno 2] No such file or directory: 'C:\\Users\\pietr\\OneDrive\\.vscode\\arte_\\DOWNLOADS\\RESULTADO_metadados\\categoria_GEMINIS.xlsx'
2025-09-15 14:45:26,162 - INFO - Starting the product matching process...
2025-09-15 14:45:26,278 - INFO - Loaded 176 items from master.xlsx and 1360 products from categoria_GEMINI.xlsx
2025-09-15 14:45:26,279 - INFO - Loading existing processed data from master_heavy.xlsx
2025-09-15 14:45:26,317 - INFO - Found 171 already processed items.
2025-09-15 14:45:26,320 - INFO - Identified 176 new items to process.
2025-09-15 14:46:37,468 - INFO - Starting the product matching process...
2025-09-15 14:46:37,561 - INFO - Loaded 176 items from master.xlsx and 1360 products from categoria_GEMINI.xlsx
2025-09-15 14:46:37,562 - INFO - Loading existing processed data from master_heavy.xlsx
2025-09-15 14:46:37,588 - INFO - Found 171 already processed items.
2025-09-15 14:46:37,589 - INFO - Identified 176 new items to process.
2025-09-15 15:19:07,402 - INFO - Starting the product matching process...
2025-09-15 15:19:07,404 - ERROR - Could not load data files. Details: [Errno 2] No such file or directory: 'C:\\Users\\pietr\\OneDrive\\.vscode\\arte_\\EDITAIS\\master.xlsx'
2025-09-15 17:02:54,574 - INFO - Starting the product matching process...
2025-09-15 17:02:54,580 - ERROR - Could not load data files. Details: [Errno 2] No such file or directory: 'C:\\Users\\pietr\\OneDrive\\.vscode\\arte_\\EDITAIS\\master.xlsx'
2025-09-15 18:38:28,304 - INFO - Starting the product matching process...
2025-09-15 18:39:17,209 - INFO - Starting the product matching process...
2025-09-15 18:39:17,302 - INFO - Loaded 166 items from master.xlsx and 1359 products from categoria_GEMINI.xlsx
2025-09-15 18:39:17,304 - INFO - Loading existing processed data from master_heavy.xlsx
2025-09-15 18:39:17,337 - INFO - Found 171 already processed items.
2025-09-15 18:39:17,339 - INFO - Identified 166 new items to process.
2025-09-15 18:41:06,422 - INFO - Starting the product matching process...
2025-09-15 18:41:06,578 - INFO - Loaded 166 items from master.xlsx and 1359 products from categoria_GEMINI.xlsx
2025-09-15 18:41:06,579 - INFO - Loading existing processed data from master_heavy.xlsx
2025-09-15 18:41:06,605 - INFO - Found 171 already processed items.
2025-09-15 18:41:06,606 - INFO - Identified 166 new items to process.
2025-09-15 18:42:00,460 - INFO - Starting the product matching process...
2025-09-15 18:42:00,582 - INFO - Loaded 166 items from master.xlsx and 1359 products from categoria_GEMINI.xlsx
2025-09-15 18:42:00,583 - INFO - Loading existing processed data from master_heavy.xlsx
2025-09-15 18:42:00,632 - INFO - Found 171 already processed items.
2025-09-15 18:42:00,637 - INFO - Identified 166 new items to process.
2025-09-15 18:42:22,363 - INFO - Starting the product matching process...
2025-09-15 18:42:22,466 - INFO - Loaded 166 items from master.xlsx and 1359 products from categoria_GEMINI.xlsx
2025-09-15 18:42:22,467 - INFO - Loading existing processed data from master_heavy.xlsx
2025-09-15 18:42:22,511 - INFO - Found 171 already processed items.
2025-09-15 18:42:22,516 - INFO - Identified 166 new items to process.
2025-09-15 18:43:22,849 - INFO - Starting the product matching process...
2025-09-15 18:43:22,959 - INFO - Loaded 166 items from master.xlsx and 1359 products from categoria_GEMINI.xlsx
2025-09-15 18:43:22,961 - INFO - Loading existing processed data from master_heavy.xlsx
2025-09-15 18:43:22,989 - INFO - Found 171 already processed items.
2025-09-15 18:43:22,990 - INFO - Identified 166 new items to process.
2025-09-15 18:44:47,507 - INFO - Starting the product matching process...
2025-09-15 18:44:47,597 - INFO - Loaded 166 items from master.xlsx and 1359 products from categoria_GEMINI.xlsx
2025-09-15 18:44:47,598 - INFO - Loading existing processed data from master_heavy.xlsx
2025-09-15 18:44:47,629 - INFO - Found 171 already processed items.
2025-09-15 18:44:47,632 - INFO - Identified 166 new items to process.
