2025-07-30 21:51:41,433 - INFO - Iniciando processamento com IA
2025-07-30 21:51:41,434 - INFO - Pasta de entrada: C:/Users/pietr/OneDrive/Área de Trabalho/ARTE/01_EDITAIS/DOWNLOADS
2025-07-30 21:51:41,434 - INFO - Pasta de saída: C:/Users/pietr/OneDrive/Área de Trabalho/ARTE/01_EDITAIS/DOWNLOADS\tabelas_extraidas
2025-07-30 21:51:41,435 - INFO - Encontrados 9 arquivos PDF
2025-07-30 21:51:41,436 - INFO - \n============================================================
2025-07-30 21:51:41,436 - INFO - IA processando 1/9: 102123_900502025.pdf
2025-07-30 21:51:41,437 - INFO - ============================================================
2025-07-30 21:51:41,437 - INFO - IA processando: 102123_900502025.pdf
2025-07-30 21:51:41,438 - INFO - Tentando Camelot+IA...
2025-07-30 21:51:46,335 - INFO - IA detectou cabeçalho na linha 1 (probabilidade: 0.57)
2025-07-30 21:51:46,335 - INFO - Mapeamento IA: {'descricao': 2, 'unidade': 3}
2025-07-30 21:51:46,336 - INFO - Confiança: {'descricao': 2.0, 'unidade': 1.5}
2025-07-30 21:51:46,341 - INFO - IA detectou cabeçalho na linha 3 (probabilidade: 0.57)
2025-07-30 21:51:46,342 - INFO - Mapeamento IA: {'descricao': 2, 'unidade': 3}
2025-07-30 21:51:46,342 - INFO - Confiança: {'descricao': 2.0, 'unidade': 1.5}
2025-07-30 21:51:46,344 - INFO - IA detectou cabeçalho na linha 0 (probabilidade: 0.68)
2025-07-30 21:51:46,344 - INFO - Mapeamento IA: {'unidade': 1, 'descricao': 2}
2025-07-30 21:51:46,345 - INFO - Confiança: {'unidade': 1.5, 'descricao': 2.0}
2025-07-30 21:51:47,266 - INFO - IA detectou cabeçalho na linha 1 (probabilidade: 0.46)
2025-07-30 21:51:47,266 - INFO - Mapeamento IA: {'descricao': 2, 'unidade': 3}
2025-07-30 21:51:47,267 - INFO - Confiança: {'descricao': 2.0, 'unidade': 1.5}
2025-07-30 21:51:47,273 - INFO - IA detectou cabeçalho na linha 17 (probabilidade: 0.53)
2025-07-30 21:51:47,274 - INFO - Mapeamento IA: {'descricao': 1, 'unidade': 2}
2025-07-30 21:51:47,274 - INFO - Confiança: {'descricao': 2.0, 'unidade': 1.5}
2025-07-30 21:51:47,280 - INFO - IA detectou cabeçalho na linha 3 (probabilidade: 0.79)
2025-07-30 21:51:47,281 - INFO - Mapeamento IA: {'unidade': 0, 'descricao': 1}
2025-07-30 21:51:47,283 - INFO - Confiança: {'unidade': 1.5, 'descricao': 2.0}
2025-07-30 21:51:53,466 - INFO - IA detectou cabeçalho na linha 1 (probabilidade: 0.57)
2025-07-30 21:51:53,467 - INFO - Mapeamento IA: {'descricao': 2, 'unidade': 3}
2025-07-30 21:51:53,467 - INFO - Confiança: {'descricao': 2.0, 'unidade': 1.5}
2025-07-30 21:51:53,474 - INFO - IA detectou cabeçalho na linha 3 (probabilidade: 0.57)
2025-07-30 21:51:53,475 - INFO - Mapeamento IA: {'descricao': 2, 'unidade': 3}
2025-07-30 21:51:53,475 - INFO - Confiança: {'descricao': 2.0, 'unidade': 1.5}
2025-07-30 21:51:53,478 - INFO - IA detectou cabeçalho na linha 0 (probabilidade: 0.68)
2025-07-30 21:51:53,479 - INFO - Mapeamento IA: {'unidade': 1, 'descricao': 2}
2025-07-30 21:51:53,480 - INFO - Confiança: {'unidade': 1.5, 'descricao': 2.0}
2025-07-30 21:51:55,261 - INFO - IA detectou cabeçalho na linha 1 (probabilidade: 0.46)
2025-07-30 21:51:55,262 - INFO - Mapeamento IA: {'descricao': 2, 'unidade': 3}
2025-07-30 21:51:55,263 - INFO - Confiança: {'descricao': 2.0, 'unidade': 1.5}
2025-07-30 21:51:55,274 - INFO - IA detectou cabeçalho na linha 17 (probabilidade: 0.53)
2025-07-30 21:51:55,275 - INFO - Mapeamento IA: {'descricao': 1, 'unidade': 2}
2025-07-30 21:51:55,276 - INFO - Confiança: {'descricao': 2.0, 'unidade': 1.5}
2025-07-30 21:51:55,285 - INFO - IA detectou cabeçalho na linha 3 (probabilidade: 0.79)
2025-07-30 21:51:55,286 - INFO - Mapeamento IA: {'unidade': 0, 'descricao': 1}
2025-07-30 21:51:55,287 - INFO - Confiança: {'unidade': 1.5, 'descricao': 2.0}
2025-07-30 21:51:55,294 - INFO - IA detectou cabeçalho na linha 18 (probabilidade: 0.80)
2025-07-30 21:51:55,294 - INFO - Mapeamento IA: {'unidade': 0, 'descricao': 1}
2025-07-30 21:51:55,295 - INFO - Confiança: {'unidade': 1.5, 'descricao': 2.0}
2025-07-30 21:51:55,307 - INFO - Tentando Tabula+IA...
2025-07-30 21:51:56,132 - WARNING - Erro na configuração Tabula+IA: Can't find org.jpype.jar support library
2025-07-30 22:02:56,046 - INFO - Iniciando processamento com IA
2025-07-30 22:02:56,048 - INFO - Pasta de entrada: C:/Users/pietr/OneDrive/Área de Trabalho/ARTE/01_EDITAIS/DOWNLOADS
2025-07-30 22:02:56,049 - INFO - Pasta de saída: C:/Users/pietr/OneDrive/Área de Trabalho/ARTE/01_EDITAIS/DOWNLOADS\tabelas_extraidas
2025-07-30 22:02:56,050 - INFO - Encontrados 9 arquivos PDF
2025-07-30 22:02:56,050 - INFO - \n============================================================
2025-07-30 22:02:56,051 - INFO - IA processando 1/9: 102123_900502025.pdf
2025-07-30 22:02:56,051 - INFO - ============================================================
2025-07-30 22:02:56,051 - INFO - IA processando: 102123_900502025.pdf
2025-07-30 22:02:56,051 - INFO - Tentando Camelot+IA...
2025-07-30 22:02:59,750 - INFO - IA detectou cabeçalho na linha 1 (probabilidade: 0.57)
2025-07-30 22:02:59,750 - INFO - Mapeamento IA: {'descricao': 2, 'unidade': 3}
2025-07-30 22:02:59,751 - INFO - Confiança: {'descricao': 2.0, 'unidade': 1.5}
2025-07-30 22:02:59,754 - INFO - IA detectou cabeçalho na linha 3 (probabilidade: 0.57)
2025-07-30 22:02:59,754 - INFO - Mapeamento IA: {'descricao': 2, 'unidade': 3}
2025-07-30 22:02:59,755 - INFO - Confiança: {'descricao': 2.0, 'unidade': 1.5}
2025-07-30 22:02:59,756 - INFO - IA detectou cabeçalho na linha 0 (probabilidade: 0.68)
2025-07-30 22:02:59,757 - INFO - Mapeamento IA: {'unidade': 1, 'descricao': 2}
2025-07-30 22:02:59,757 - INFO - Confiança: {'unidade': 1.5, 'descricao': 2.0}
2025-07-30 22:03:00,469 - INFO - IA detectou cabeçalho na linha 1 (probabilidade: 0.46)
2025-07-30 22:03:00,469 - INFO - Mapeamento IA: {'descricao': 2, 'unidade': 3}
2025-07-30 22:03:00,470 - INFO - Confiança: {'descricao': 2.0, 'unidade': 1.5}
2025-07-30 22:03:00,475 - INFO - IA detectou cabeçalho na linha 17 (probabilidade: 0.53)
2025-07-30 22:03:00,476 - INFO - Mapeamento IA: {'descricao': 1, 'unidade': 2}
2025-07-30 22:03:00,476 - INFO - Confiança: {'descricao': 2.0, 'unidade': 1.5}
2025-07-30 22:03:00,482 - INFO - IA detectou cabeçalho na linha 3 (probabilidade: 0.79)
2025-07-30 22:03:00,483 - INFO - Mapeamento IA: {'unidade': 0, 'descricao': 1}
2025-07-30 22:03:00,483 - INFO - Confiança: {'unidade': 1.5, 'descricao': 2.0}
2025-07-30 22:03:04,084 - INFO - IA detectou cabeçalho na linha 1 (probabilidade: 0.57)
2025-07-30 22:03:04,084 - INFO - Mapeamento IA: {'descricao': 2, 'unidade': 3}
2025-07-30 22:03:04,085 - INFO - Confiança: {'descricao': 2.0, 'unidade': 1.5}
2025-07-30 22:03:04,087 - INFO - IA detectou cabeçalho na linha 3 (probabilidade: 0.57)
2025-07-30 22:03:04,088 - INFO - Mapeamento IA: {'descricao': 2, 'unidade': 3}
2025-07-30 22:03:04,088 - INFO - Confiança: {'descricao': 2.0, 'unidade': 1.5}
2025-07-30 22:03:04,090 - INFO - IA detectou cabeçalho na linha 0 (probabilidade: 0.68)
2025-07-30 22:03:04,090 - INFO - Mapeamento IA: {'unidade': 1, 'descricao': 2}
2025-07-30 22:03:04,091 - INFO - Confiança: {'unidade': 1.5, 'descricao': 2.0}
2025-07-30 22:03:04,780 - INFO - IA detectou cabeçalho na linha 1 (probabilidade: 0.46)
2025-07-30 22:03:04,781 - INFO - Mapeamento IA: {'descricao': 2, 'unidade': 3}
2025-07-30 22:03:04,781 - INFO - Confiança: {'descricao': 2.0, 'unidade': 1.5}
2025-07-30 22:03:04,786 - INFO - IA detectou cabeçalho na linha 17 (probabilidade: 0.53)
2025-07-30 22:03:04,786 - INFO - Mapeamento IA: {'descricao': 1, 'unidade': 2}
2025-07-30 22:03:04,787 - INFO - Confiança: {'descricao': 2.0, 'unidade': 1.5}
2025-07-30 22:03:04,792 - INFO - IA detectou cabeçalho na linha 3 (probabilidade: 0.79)
2025-07-30 22:03:04,792 - INFO - Mapeamento IA: {'unidade': 0, 'descricao': 1}
2025-07-30 22:03:04,793 - INFO - Confiança: {'unidade': 1.5, 'descricao': 2.0}
2025-07-30 22:03:04,796 - INFO - IA detectou cabeçalho na linha 18 (probabilidade: 0.80)
2025-07-30 22:03:04,797 - INFO - Mapeamento IA: {'unidade': 0, 'descricao': 1}
2025-07-30 22:03:04,797 - INFO - Confiança: {'unidade': 1.5, 'descricao': 2.0}
2025-07-30 22:03:04,803 - INFO - Tentando Tabula+IA...
2025-07-30 22:03:05,315 - WARNING - Erro na configuração Tabula+IA: Can't find org.jpype.jar support library
2025-07-31 12:33:51,388 - INFO - Iniciando processamento com IA
2025-07-31 12:33:51,389 - INFO - Pasta de entrada: C:/Users/pietr/OneDrive/Área de Trabalho/ARTE/01_EDITAIS/DOWNLOADS
2025-07-31 12:33:51,390 - INFO - Pasta de saída: C:/Users/pietr/OneDrive/Área de Trabalho/ARTE/01_EDITAIS/DOWNLOADS\tabelas_extraidas
2025-07-31 12:33:51,390 - INFO - Encontrados 9 arquivos PDF
2025-07-31 12:33:51,391 - INFO - \n============================================================
2025-07-31 12:33:51,391 - INFO - IA processando 1/9: 102123_900502025.pdf
2025-07-31 12:33:51,391 - INFO - ============================================================
2025-07-31 12:33:51,392 - INFO - IA processando: 102123_900502025.pdf
2025-07-31 12:33:51,392 - INFO - Tentando Camelot+IA...
2025-07-31 12:33:54,260 - INFO - IA detectou cabeçalho na linha 1 (probabilidade: 0.57)
2025-07-31 12:33:54,260 - INFO - Mapeamento IA: {'descricao': 2, 'unidade': 3}
2025-07-31 12:33:54,261 - INFO - Confiança: {'descricao': 2.0, 'unidade': 1.5}
2025-07-31 12:33:54,264 - INFO - IA detectou cabeçalho na linha 3 (probabilidade: 0.57)
2025-07-31 12:33:54,264 - INFO - Mapeamento IA: {'descricao': 2, 'unidade': 3}
2025-07-31 12:33:54,265 - INFO - Confiança: {'descricao': 2.0, 'unidade': 1.5}
2025-07-31 12:33:54,266 - INFO - IA detectou cabeçalho na linha 0 (probabilidade: 0.68)
2025-07-31 12:33:54,266 - INFO - Mapeamento IA: {'unidade': 1, 'descricao': 2}
2025-07-31 12:33:54,267 - INFO - Confiança: {'unidade': 1.5, 'descricao': 2.0}
2025-07-31 12:33:54,838 - INFO - IA detectou cabeçalho na linha 1 (probabilidade: 0.46)
2025-07-31 12:33:54,839 - INFO - Mapeamento IA: {'descricao': 2, 'unidade': 3}
2025-07-31 12:33:54,839 - INFO - Confiança: {'descricao': 2.0, 'unidade': 1.5}
2025-07-31 12:33:54,842 - INFO - IA detectou cabeçalho na linha 17 (probabilidade: 0.53)
2025-07-31 12:33:54,843 - INFO - Mapeamento IA: {'descricao': 1, 'unidade': 2}
2025-07-31 12:33:54,843 - INFO - Confiança: {'descricao': 2.0, 'unidade': 1.5}
2025-07-31 12:33:54,846 - INFO - IA detectou cabeçalho na linha 3 (probabilidade: 0.79)
2025-07-31 12:33:54,846 - INFO - Mapeamento IA: {'unidade': 0, 'descricao': 1}
2025-07-31 12:33:54,847 - INFO - Confiança: {'unidade': 1.5, 'descricao': 2.0}
2025-07-31 12:33:57,863 - INFO - IA detectou cabeçalho na linha 1 (probabilidade: 0.57)
2025-07-31 12:33:57,863 - INFO - Mapeamento IA: {'descricao': 2, 'unidade': 3}
2025-07-31 12:33:57,864 - INFO - Confiança: {'descricao': 2.0, 'unidade': 1.5}
2025-07-31 12:33:57,869 - INFO - IA detectou cabeçalho na linha 3 (probabilidade: 0.57)
2025-07-31 12:33:57,870 - INFO - Mapeamento IA: {'descricao': 2, 'unidade': 3}
2025-07-31 12:33:57,870 - INFO - Confiança: {'descricao': 2.0, 'unidade': 1.5}
2025-07-31 12:33:57,873 - INFO - IA detectou cabeçalho na linha 0 (probabilidade: 0.68)
2025-07-31 12:33:57,873 - INFO - Mapeamento IA: {'unidade': 1, 'descricao': 2}
2025-07-31 12:33:57,874 - INFO - Confiança: {'unidade': 1.5, 'descricao': 2.0}
2025-07-31 12:33:58,720 - INFO - IA detectou cabeçalho na linha 1 (probabilidade: 0.46)
2025-07-31 12:33:58,721 - INFO - Mapeamento IA: {'descricao': 2, 'unidade': 3}
2025-07-31 12:33:58,721 - INFO - Confiança: {'descricao': 2.0, 'unidade': 1.5}
2025-07-31 12:33:58,725 - INFO - IA detectou cabeçalho na linha 17 (probabilidade: 0.53)
2025-07-31 12:33:58,725 - INFO - Mapeamento IA: {'descricao': 1, 'unidade': 2}
2025-07-31 12:33:58,726 - INFO - Confiança: {'descricao': 2.0, 'unidade': 1.5}
2025-07-31 12:33:58,729 - INFO - IA detectou cabeçalho na linha 3 (probabilidade: 0.79)
2025-07-31 12:33:58,730 - INFO - Mapeamento IA: {'unidade': 0, 'descricao': 1}
2025-07-31 12:33:58,730 - INFO - Confiança: {'unidade': 1.5, 'descricao': 2.0}
2025-07-31 12:33:58,734 - INFO - IA detectou cabeçalho na linha 18 (probabilidade: 0.80)
2025-07-31 12:33:58,734 - INFO - Mapeamento IA: {'unidade': 0, 'descricao': 1}
2025-07-31 12:33:58,735 - INFO - Confiança: {'unidade': 1.5, 'descricao': 2.0}
2025-07-31 12:33:58,738 - INFO - Tentando Tabula+IA...
2025-07-31 12:33:59,396 - WARNING - Erro na configuração Tabula+IA: Can't find org.jpype.jar support library
